<?xml version="1.0" encoding="utf-8"?><testsuites><testsuite name="pytest" errors="0" failures="0" skipped="0" tests="0" time="3.361" timestamp="2021-12-02T11:49:37.325917" hostname="bibigrid-master-jdzmrjtottq9ctr" /></testsuites>