<?xml version="1.0" encoding="utf-8"?><testsuites><testsuite name="pytest" errors="0" failures="0" skipped="0" tests="0" time="1.140" timestamp="2022-03-14T09:03:20.103269" hostname="bibigrid-master-jdzmrjtottq9ctr" /></testsuites>