<?xml version="1.0" encoding="utf-8"?><testsuites><testsuite name="pytest" errors="0" failures="0" skipped="0" tests="0" time="1.665" timestamp="2021-12-02T11:56:42.816544" hostname="bibigrid-master-jdzmrjtottq9ctr" /></testsuites>