<?xml version="1.0" encoding="utf-8"?><testsuites><testsuite name="pytest" errors="0" failures="0" skipped="0" tests="0" time="8.894" timestamp="2021-12-02T12:09:55.849201" hostname="bibigrid-master-jdzmrjtottq9ctr" /></testsuites>