<?xml version="1.0" encoding="utf-8"?><testsuites><testsuite name="pytest" errors="0" failures="0" skipped="0" tests="0" time="1.695" timestamp="2021-12-02T12:25:08.793275" hostname="bibigrid-master-jdzmrjtottq9ctr" /></testsuites>