<?xml version="1.0" encoding="utf-8"?><testsuites><testsuite name="pytest" errors="0" failures="0" skipped="0" tests="0" time="1.284" timestamp="2021-12-01T18:42:51.156464" hostname="bibigrid-master-jdzmrjtottq9ctr" /></testsuites>